<?xml version="1.0" encoding="UTF-8"?>
<!-- Generated by org.testng.reporters.JUnitXMLReporter -->
<testsuite ignored="0" hostname="Admin" failures="1" tests="1" name="Test1" time="0.005" errors="0" timestamp="2023-05-25T10:13:41 IST">
  <testcase classname="testNGPack2.SelectBrowser1" name="method1" time="0.0">
    <failure type="org.testng.TestNGException" message="
Method method1 requires 2 parameters but 1 were supplied in the @Test annotation.">
      <![CDATA[org.testng.TestNGException: 
Method method1 requires 2 parameters but 1 were supplied in the @Test annotation.
at java.base/java.util.ArrayList.forEach(ArrayList.java:1511)
... Removed 26 stack frames]]>
    </failure>
  </testcase> <!-- method1 -->
</testsuite> <!-- Test1 -->
